<?xml version="1.0" encoding="UTF-8"?>
<!-- Generated by org.testng.reporters.JUnitReportReporter -->
<testsuite hostname="LAPTOP-NA6M1Q3H" failures="0" tests="1" name="testScripts.AddToCarTest" time="28.817" errors="0" timestamp="2023-06-01T10:50:26 IST" skipped="0">
  <testcase classname="testScripts.AddToCarTest" name="addToCartTest" time="28.817"/>
  <system-out/>
</testsuite> <!-- testScripts.AddToCarTest -->
