<?xml version="1.0" encoding="UTF-8"?>
<!-- Generated by org.testng.reporters.JUnitReportReporter -->
<testsuite hostname="LAPTOP-NA6M1Q3H" failures="0" tests="1" name="testScripts.SendContactDetailsTest" time="16.738" errors="0" timestamp="2023-06-01T10:50:52 IST" skipped="0">
  <testcase classname="testScripts.SendContactDetailsTest" name="sendContactDetailsTest" time="16.738"/>
  <system-out/>
</testsuite> <!-- testScripts.SendContactDetailsTest -->
